[debug] [2021-10-08T01:04:46.787Z] ----------------------------------------------------------------------
[debug] [2021-10-08T01:04:46.820Z] Command:       C:\Program Files\nodejs\node.exe C:\Users\user\AppData\Roaming\npm\node_modules\firebase-tools\lib\bin\firebase.js init
[debug] [2021-10-08T01:04:46.824Z] CLI Version:   9.16.5
[debug] [2021-10-08T01:04:46.825Z] Platform:      win32
[debug] [2021-10-08T01:04:46.826Z] Node Version:  v14.16.1
[debug] [2021-10-08T01:04:46.866Z] Time:          Fri Oct 08 2021 02:04:46 GMT+0100 (West Africa Standard Time)
[debug] [2021-10-08T01:04:46.867Z] ----------------------------------------------------------------------
[debug] 
[debug] [2021-10-08T01:04:46.924Z] >>> [apiv2][query] GET https://firebase-public.firebaseio.com/cli.json [none]
[debug] [2021-10-08T01:04:47.124Z] > command requires scopes: ["email","openid","https://www.googleapis.com/auth/cloudplatformprojects.readonly","https://www.googleapis.com/auth/firebase","https://www.googleapis.com/auth/cloud-platform"]
[debug] [2021-10-08T01:04:47.125Z] > authorizing via signed-in user (joeladewole3@gmail.com)
[info] 
     ######## #### ########  ######## ########     ###     ######  ########
     ##        ##  ##     ## ##       ##     ##  ##   ##  ##       ##
     ######    ##  ########  ######   ########  #########  ######  ######
     ##        ##  ##    ##  ##       ##     ## ##     ##       ## ##
     ##       #### ##     ## ######## ########  ##     ##  ######  ########

You're about to initialize a Firebase project in this directory:

  C:\xampp\htdocs\Learning React\casinox

Before we get started, keep in mind:

  * You are currently outside your home directory

[debug] [2021-10-08T01:04:48.360Z] <<< [apiv2][status] GET https://firebase-public.firebaseio.com/cli.json 200
[debug] [2021-10-08T01:04:48.361Z] <<< [apiv2][body] GET https://firebase-public.firebaseio.com/cli.json {"cloudBuildErrorAfter":1594252800000,"cloudBuildWarnAfter":1590019200000,"defaultNode10After":1594252800000,"minVersion":"3.0.5","node8DeploysDisabledAfter":1613390400000,"node8RuntimeDisabledAfter":1615809600000,"node8WarnAfter":1600128000000}
